<?xml version="1.0" encoding="UTF-8"?>
<!-- Generated by org.testng.reporters.JUnitReportReporter -->
<testsuite hostname="Desktop-AIO" failures="0" tests="4" name="TestRunners.testNGrunner" time="42.132" errors="0" timestamp="2023-05-05T12:37:51 EDT" skipped="0">
  <testcase classname="TestRunners.testNGrunner" name="runScenario" time="2.898"/>
  <system-out/>
  <testcase classname="TestRunners.testNGrunner" name="runScenario" time="2.631"/>
  <system-out/>
  <testcase classname="TestRunners.testNGrunner" name="runScenario" time="3.123"/>
  <system-out/>
  <testcase classname="TestRunners.testNGrunner" name="runScenario" time="33.480"/>
  <system-out/>
</testsuite> <!-- TestRunners.testNGrunner -->
